2025-12-01 14:04:02 - INFO - ====================================================================================================
2025-12-01 14:04:02 - INFO - [OUT] OUTGOING REQUEST - InitiateCheckout Event
2025-12-01 14:04:02 - INFO - URL: https://graph.facebook.com/v21.0/1891419421775375/events
2025-12-01 14:04:02 - INFO - HTTP Method: POST
2025-12-01 14:04:02 - INFO - Request Payload:
2025-12-01 14:04:02 - INFO - {
  "data": [
    {
      "event_name": "InitiateCheckout",
      "event_time": 1764594242,
      "action_source": "website",
      "user_data": {
        "em": "0a8d2bf9595057dfc429bba0326bf76a7fb6e3e70fe17aa89ac7b960a8d77035",
        "external_id": "bb695da1-4f49-4995-8592-d4878f512518",
        "client_ip_address": "127.0.0.1",
        "client_user_agent": "Mozilla/5.0 (Windows NT 10.0; Win64; x64) AppleWebKit/537.36 (KHTML, like Gecko) Chrome/142.0.0.0 Safari/537.36"
      },
      "event_source_url": "http://localhost:3000/upgrade",
      "custom_data": {
        "currency": "usd",
        "value": 120.0,
        "content_ids": [
          "starter_yearly"
        ],
        "content_name": "Starter Yearly",
        "content_type": "subscription",
        "num_items": 1
      }
    }
  ],
  "access_token": "EAAPOZBXZA...ZDZD"
}
2025-12-01 14:04:02 - INFO - ====================================================================================================
2025-12-01 14:04:03 - INFO - ====================================================================================================
2025-12-01 14:04:03 - INFO - [IN] INCOMING RESPONSE - InitiateCheckout Event
2025-12-01 14:04:03 - INFO - HTTP Status Code: 200
2025-12-01 14:04:03 - INFO - Response Headers: {'content-type': 'application/json; charset=UTF-8', 'vary': 'Origin', 'x-fb-aed': '661', 'x-ad-api-version-warning': 'You are calling a deprecated version of the Ads API.', 'cross-origin-resource-policy': 'cross-origin', 'x-app-usage': '{"call_count":0,"total_cputime":0,"total_time":0}', 'access-control-allow-origin': '*', 'facebook-api-version': 'v21.0', 'strict-transport-security': 'max-age=15552000; preload', 'pragma': 'no-cache', 'cache-control': 'private, no-cache, no-store, must-revalidate', 'expires': 'Sat, 01 Jan 2000 00:00:00 GMT', 'x-fb-request-id': 'A-nnJikdiGbRFfg6cK9rSs4', 'x-fb-trace-id': 'GlHjbAkyoEr', 'x-fb-rev': '1030447535', 'x-fb-debug': 'jKy9Xi369q/M6xEbsJ09I1R8Wtw0b0vLw3x83Opd448Ivgkegny9cTT7rHX6ji0aNK15OZB6/lCQgbQiX+CIgg==', 'date': 'Mon, 01 Dec 2025 13:04:03 GMT', 'x-fb-connection-quality': 'UNKNOWN; q=-1, rtt=-1, rtx=0, c=10, mss=1318, tbw=3484, tp=-1, tpl=-1, uplat=169, ullat=0', 'alt-svc': 'h3=":443"; ma=86400', 'connection': 'keep-alive', 'content-length': '74'}
2025-12-01 14:04:03 - INFO - Response Body:
2025-12-01 14:04:03 - INFO - {
  "events_received": 1,
  "messages": [],
  "fbtrace_id": "A-nnJikdiGbRFfg6cK9rSs4"
}
2025-12-01 14:04:03 - INFO - ====================================================================================================
2025-12-01 14:04:03 - INFO - 
2025-12-01 14:04:37 - INFO - ====================================================================================================
2025-12-01 14:04:37 - INFO - [OUT] OUTGOING REQUEST - StartTrial Event
2025-12-01 14:04:37 - INFO - URL: https://graph.facebook.com/v21.0/1891419421775375/events
2025-12-01 14:04:37 - INFO - HTTP Method: POST
2025-12-01 14:04:37 - INFO - Request Payload:
2025-12-01 14:04:37 - INFO - {
  "data": [
    {
      "event_name": "StartTrial",
      "event_time": 1764594277,
      "action_source": "website",
      "user_data": {
        "em": "0a8d2bf9595057dfc429bba0326bf76a7fb6e3e70fe17aa89ac7b960a8d77035",
        "fn": "07d046d5fac12b3f82daf5035b9aae86db5adc8275ebfbf05ec83005a4a8ba3e",
        "external_id": "bb695da1-4f49-4995-8592-d4878f512518",
        "client_ip_address": "127.0.0.1",
        "client_user_agent": "Mozilla/5.0 (Windows NT 10.0; Win64; x64) AppleWebKit/537.36 (KHTML, like Gecko) Chrome/142.0.0.0 Safari/537.36"
      },
      "event_source_url": "http://localhost:3000/",
      "custom_data": {
        "currency": "USD",
        "value": 1.0,
        "content_name": "Trial Subscription",
        "content_type": "product"
      },
      "event_id": "cs_test_b1kctSd62It5Ml0Cj2qSOJyd15z48lP9iIxkejZO9MtUZAb5gOM29z4REl"
    }
  ],
  "access_token": "EAAPOZBXZA...ZDZD"
}
2025-12-01 14:04:37 - INFO - ====================================================================================================
2025-12-01 14:04:38 - INFO - ====================================================================================================
2025-12-01 14:04:38 - INFO - [IN] INCOMING RESPONSE - StartTrial Event
2025-12-01 14:04:38 - INFO - HTTP Status Code: 200
2025-12-01 14:04:38 - INFO - Response Headers: {'content-type': 'application/json; charset=UTF-8', 'vary': 'Origin', 'x-fb-aed': '661', 'x-ad-api-version-warning': 'You are calling a deprecated version of the Ads API.', 'cross-origin-resource-policy': 'cross-origin', 'x-app-usage': '{"call_count":0,"total_cputime":0,"total_time":0}', 'access-control-allow-origin': '*', 'facebook-api-version': 'v21.0', 'strict-transport-security': 'max-age=15552000; preload', 'pragma': 'no-cache', 'cache-control': 'private, no-cache, no-store, must-revalidate', 'expires': 'Sat, 01 Jan 2000 00:00:00 GMT', 'x-fb-request-id': 'AHEV38OGY15HwP2c4eOYO14', 'x-fb-trace-id': 'ANizL3RGjLr', 'x-fb-rev': '1030447535', 'x-fb-debug': 'ooEvQ9u5Uq7kBvUMztD+XwHZ/5JouCYC8SPXXmsuv8tGbnTLKojTTAc3vxe+Yvopcl0Jwq5GpJPow22Mdc+rmA==', 'date': 'Mon, 01 Dec 2025 13:04:38 GMT', 'x-fb-connection-quality': 'UNKNOWN; q=-1, rtt=-1, rtx=0, c=10, mss=1318, tbw=3483, tp=-1, tpl=-1, uplat=169, ullat=0', 'alt-svc': 'h3=":443"; ma=86400', 'connection': 'keep-alive', 'content-length': '74'}
2025-12-01 14:04:38 - INFO - Response Body:
2025-12-01 14:04:38 - INFO - {
  "events_received": 1,
  "messages": [],
  "fbtrace_id": "AHEV38OGY15HwP2c4eOYO14"
}
2025-12-01 14:04:38 - INFO - ====================================================================================================
2025-12-01 14:04:38 - INFO - 
2025-12-01 14:05:22 - INFO - ====================================================================================================
2025-12-01 14:05:22 - INFO - [OUT] OUTGOING REQUEST - Purchase Event
2025-12-01 14:05:22 - INFO - URL: https://graph.facebook.com/v21.0/1891419421775375/events
2025-12-01 14:05:22 - INFO - HTTP Method: POST
2025-12-01 14:05:22 - INFO - Request Payload:
2025-12-01 14:05:22 - INFO - {
  "data": [
    {
      "event_name": "Purchase",
      "event_time": 1764594322,
      "action_source": "website",
      "user_data": {
        "em": "0a8d2bf9595057dfc429bba0326bf76a7fb6e3e70fe17aa89ac7b960a8d77035",
        "fn": "07d046d5fac12b3f82daf5035b9aae86db5adc8275ebfbf05ec83005a4a8ba3e",
        "external_id": "bb695da1-4f49-4995-8592-d4878f512518",
        "client_ip_address": "127.0.0.1",
        "client_user_agent": "Mozilla/5.0 (Windows NT 10.0; Win64; x64) AppleWebKit/537.36 (KHTML, like Gecko) Chrome/142.0.0.0 Safari/537.36"
      },
      "event_source_url": "http://localhost:3000/",
      "custom_data": {
        "currency": "USD",
        "value": 120.0,
        "content_type": "product"
      },
      "event_id": "invoice_in_1SZWn35BB4zTUbEEhcGjBupA"
    }
  ],
  "access_token": "EAAPOZBXZA...ZDZD"
}
2025-12-01 14:05:22 - INFO - ====================================================================================================
2025-12-01 14:05:23 - INFO - ====================================================================================================
2025-12-01 14:05:23 - INFO - [IN] INCOMING RESPONSE - Purchase Event
2025-12-01 14:05:23 - INFO - HTTP Status Code: 200
2025-12-01 14:05:23 - INFO - Response Headers: {'content-type': 'application/json; charset=UTF-8', 'vary': 'Origin', 'x-fb-aed': '661', 'x-ad-api-version-warning': 'You are calling a deprecated version of the Ads API.', 'cross-origin-resource-policy': 'cross-origin', 'x-app-usage': '{"call_count":0,"total_cputime":0,"total_time":0}', 'access-control-allow-origin': '*', 'facebook-api-version': 'v21.0', 'strict-transport-security': 'max-age=15552000; preload', 'pragma': 'no-cache', 'cache-control': 'private, no-cache, no-store, must-revalidate', 'expires': 'Sat, 01 Jan 2000 00:00:00 GMT', 'x-fb-request-id': 'AzoOnAFb-Z9fRERqDepBLE4', 'x-fb-trace-id': 'Hso39Jx2agd', 'x-fb-rev': '1030447535', 'x-fb-debug': 'tYNkvsNNT2WHHMdQgocBpXFT45P0uncrldkkZBACUH/zhu8wc1ggOYXOWp95LASBfourPkL6qtkbV4nm7F3oEQ==', 'date': 'Mon, 01 Dec 2025 13:05:23 GMT', 'x-fb-connection-quality': 'UNKNOWN; q=-1, rtt=-1, rtx=0, c=10, mss=1318, tbw=3483, tp=-1, tpl=-1, uplat=166, ullat=0', 'alt-svc': 'h3=":443"; ma=86400', 'connection': 'keep-alive', 'content-length': '74'}
2025-12-01 14:05:23 - INFO - Response Body:
2025-12-01 14:05:23 - INFO - {
  "events_received": 1,
  "messages": [],
  "fbtrace_id": "AzoOnAFb-Z9fRERqDepBLE4"
}
2025-12-01 14:05:23 - INFO - ====================================================================================================
2025-12-01 14:05:23 - INFO - 
