2025-12-01 14:04:02 - INFO - ====================================================================================================
2025-12-01 14:04:02 - INFO - [OUT] OUTGOING REQUEST - InitiateCheckout Event
2025-12-01 14:04:02 - INFO - URL: https://business-api.tiktok.com/open_api/v1.3/event/track/
2025-12-01 14:04:02 - INFO - HTTP Method: POST
2025-12-01 14:04:02 - INFO - Request Payload:
2025-12-01 14:04:02 - INFO - {
  "event_source": "web",
  "event_source_id": "D4JVLBBC77U4IAHDMKB0",
  "data": [
    {
      "event": "InitiateCheckout",
      "event_time": 1764594242,
      "user": {
        "email": "0a8d2bf9595057dfc429bba0326bf76a7fb6e3e70fe17aa89ac7b960a8d77035",
        "first_name": "07d046d5fac12b3f82daf5035b9aae86db5adc8275ebfbf05ec83005a4a8ba3e",
        "external_id": "bb695da1-4f49-4995-8592-d4878f512518",
        "ttp": "01KB5BYVJF8BGNG72ZWSM47KQ1_.tt.0",
        "ip": "127.0.0.1",
        "user_agent": "Mozilla/5.0 (Windows NT 10.0; Win64; x64) AppleWebKit/537.36 (KHTML, like Gecko) Chrome/142.0.0.0 Safari/537.36"
      },
      "properties": {
        "currency": "usd",
        "value": 120.0,
        "content_ids": [
          "starter_yearly"
        ],
        "content_name": "Starter Yearly",
        "content_type": "subscription",
        "num_items": 1,
        "page_url": "http://localhost:3000/upgrade"
      }
    }
  ]
}
2025-12-01 14:04:02 - INFO - ====================================================================================================
2025-12-01 14:04:03 - INFO - ====================================================================================================
2025-12-01 14:04:03 - INFO - [IN] INCOMING RESPONSE - InitiateCheckout Event
2025-12-01 14:04:03 - INFO - HTTP Status Code: 200
2025-12-01 14:04:03 - INFO - Response Headers: {'server': 'nginx', 'content-type': 'application/json', 'content-length': '92', 'x-tt-logid': '20251201130403BED52F8AD7CB2D00C525', 'access-control-expose-headers': 'x-tt-traceflag,x-tt-logid', 'x-tt-trace-host': '0185682de7a33ecdb80e3788bc134d17209fa6dc1771ba86bb88c70ae312314643d4547150fa77bbc790b023712fe49b4fca14bf8f1efc6b10703ffdb736eabb0a5ac647b94b5ae93a31c3ebb6829a7957c880eaca70bc425a7c188576ba8f0f55240f8f6ffb32c4ea9903e80b38874006', 'x-tt-trace-id': '00-251201130403BED52F8AD7CB2D00C525-468FEDAB966AAD34-00', 'x-origin-response-time': '43,23.3.12.32', 'x-akamai-request-id': '959fc369.2eb46a30', 'expires': 'Mon, 01 Dec 2025 13:04:03 GMT', 'cache-control': 'max-age=0, no-cache, no-store', 'pragma': 'no-cache', 'date': 'Mon, 01 Dec 2025 13:04:03 GMT', 'x-cache': 'TCP_MISS from a2-21-69-15.deploy.akamaitechnologies.com (AkamaiGHost/22.3.2.1-992afe98b9405e84f19be223dce3e955) (-)', 'connection': 'keep-alive', 'x-cache-remote': 'TCP_MISS from a23-3-12-32.deploy.akamaitechnologies.com (AkamaiGHost/22.3.2.1-992afe98b9405e84f19be223dce3e955) (-)', 'x-tt-trace-tag': 'id=16;cdn-cache=miss;type=dyn', 'server-timing': 'cdn-cache; desc=MISS, edge; dur=139, origin; dur=43, inner; dur=38', 'x-parent-response-time': '178,2.21.69.15'}
2025-12-01 14:04:03 - INFO - Response Body:
2025-12-01 14:04:03 - INFO - {
  "code": 0,
  "message": "OK",
  "request_id": "20251201130403BED52F8AD7CB2D00C525",
  "data": {}
}
2025-12-01 14:04:03 - INFO - ====================================================================================================
2025-12-01 14:04:03 - INFO - 
2025-12-01 14:04:37 - INFO - ====================================================================================================
2025-12-01 14:04:37 - INFO - [OUT] OUTGOING REQUEST - StartTrial Event
2025-12-01 14:04:37 - INFO - URL: https://business-api.tiktok.com/open_api/v1.3/event/track/
2025-12-01 14:04:37 - INFO - HTTP Method: POST
2025-12-01 14:04:37 - INFO - Request Payload:
2025-12-01 14:04:37 - INFO - {
  "event_source": "web",
  "event_source_id": "D4JVLBBC77U4IAHDMKB0",
  "data": [
    {
      "event": "StartTrial",
      "event_time": 1764594277,
      "user": {
        "email": "0a8d2bf9595057dfc429bba0326bf76a7fb6e3e70fe17aa89ac7b960a8d77035",
        "first_name": "07d046d5fac12b3f82daf5035b9aae86db5adc8275ebfbf05ec83005a4a8ba3e",
        "external_id": "bb695da1-4f49-4995-8592-d4878f512518",
        "ttp": "01KB5BYVJF8BGNG72ZWSM47KQ1_.tt.0",
        "ip": "127.0.0.1",
        "user_agent": "Mozilla/5.0 (Windows NT 10.0; Win64; x64) AppleWebKit/537.36 (KHTML, like Gecko) Chrome/142.0.0.0 Safari/537.36"
      },
      "properties": {
        "currency": "USD",
        "value": 1.0,
        "page_url": "http://localhost:3000/"
      },
      "event_id": "start_trial_cs_test_b1kctSd62It5Ml0Cj2qSOJyd15z48lP9iIxkejZO9MtUZAb5gOM29z4REl"
    }
  ]
}
2025-12-01 14:04:37 - INFO - ====================================================================================================
2025-12-01 14:04:38 - INFO - ====================================================================================================
2025-12-01 14:04:38 - INFO - [IN] INCOMING RESPONSE - StartTrial Event
2025-12-01 14:04:38 - INFO - HTTP Status Code: 200
2025-12-01 14:04:38 - INFO - Response Headers: {'server': 'nginx', 'content-type': 'application/json', 'content-length': '92', 'x-tt-logid': '202512011304386732E038F9F1CB01143A', 'access-control-expose-headers': 'x-tt-traceflag,x-tt-logid', 'x-tt-trace-host': '0185682de7a33ecdb80e3788bc134d17203c93ab7251f70c059c0ac4b980dd46de5bdaef3ab9b58f592047f3aa8a45492a02fd042ef38613d0ded8577d342cfadfc15695ca02629f159d48b3476310630e29336de791d5ea4f377feb246f55550bac674dfee62816e9cd0be70421af288e', 'x-tt-trace-id': '00-2512011304386732E038F9F1CB01143A-6EAD3150FA8D986D-00', 'x-origin-response-time': '33,23.3.12.23', 'x-akamai-request-id': '5db3044b.1c752a85', 'expires': 'Mon, 01 Dec 2025 13:04:38 GMT', 'cache-control': 'max-age=0, no-cache, no-store', 'pragma': 'no-cache', 'date': 'Mon, 01 Dec 2025 13:04:38 GMT', 'x-cache': 'TCP_MISS from a2-21-69-4.deploy.akamaitechnologies.com (AkamaiGHost/22.3.2.1-992afe98b9405e84f19be223dce3e955) (-)', 'connection': 'keep-alive', 'x-cache-remote': 'TCP_MISS from a23-3-12-23.deploy.akamaitechnologies.com (AkamaiGHost/22.3.2.1-992afe98b9405e84f19be223dce3e955) (-)', 'x-tt-trace-tag': 'id=16;cdn-cache=miss;type=dyn', 'server-timing': 'cdn-cache; desc=MISS, edge; dur=141, origin; dur=32, inner; dur=28', 'x-parent-response-time': '167,2.21.69.4'}
2025-12-01 14:04:38 - INFO - Response Body:
2025-12-01 14:04:38 - INFO - {
  "code": 0,
  "message": "OK",
  "request_id": "202512011304386732E038F9F1CB01143A",
  "data": {}
}
2025-12-01 14:04:38 - INFO - ====================================================================================================
2025-12-01 14:04:38 - INFO - 
2025-12-01 14:05:22 - INFO - ====================================================================================================
2025-12-01 14:05:22 - INFO - [OUT] OUTGOING REQUEST - CompletePayment Event
2025-12-01 14:05:22 - INFO - URL: https://business-api.tiktok.com/open_api/v1.3/event/track/
2025-12-01 14:05:22 - INFO - HTTP Method: POST
2025-12-01 14:05:22 - INFO - Request Payload:
2025-12-01 14:05:22 - INFO - {
  "event_source": "web",
  "event_source_id": "D4JVLBBC77U4IAHDMKB0",
  "data": [
    {
      "event": "CompletePayment",
      "event_time": 1764594322,
      "user": {
        "email": "0a8d2bf9595057dfc429bba0326bf76a7fb6e3e70fe17aa89ac7b960a8d77035",
        "first_name": "07d046d5fac12b3f82daf5035b9aae86db5adc8275ebfbf05ec83005a4a8ba3e",
        "external_id": "bb695da1-4f49-4995-8592-d4878f512518",
        "ttp": "01KB5BYVJF8BGNG72ZWSM47KQ1_.tt.0",
        "ip": "127.0.0.1",
        "user_agent": "Mozilla/5.0 (Windows NT 10.0; Win64; x64) AppleWebKit/537.36 (KHTML, like Gecko) Chrome/142.0.0.0 Safari/537.36"
      },
      "properties": {
        "currency": "USD",
        "value": 120.0,
        "page_url": "http://localhost:3000/"
      },
      "event_id": "invoice_in_1SZWn35BB4zTUbEEhcGjBupA"
    }
  ]
}
2025-12-01 14:05:22 - INFO - ====================================================================================================
2025-12-01 14:05:24 - INFO - ====================================================================================================
2025-12-01 14:05:24 - INFO - [IN] INCOMING RESPONSE - CompletePayment Event
2025-12-01 14:05:24 - INFO - HTTP Status Code: 200
2025-12-01 14:05:24 - INFO - Response Headers: {'server': 'nginx', 'content-type': 'application/json', 'content-length': '92', 'x-tt-logid': '202512011305241E891214C7B17B012C56', 'access-control-expose-headers': 'x-tt-traceflag,x-tt-logid', 'x-tt-trace-host': '0185682de7a33ecdb80e3788bc134d172086e6c8f412d87811e3c379e971cd20079fb50ba212816fe970188a5624cccb5cfc625a6dc6df99e5f341dff0a7f5ae17600c917d1188cac0f083cbaf305ba38767bbf264f2bcbf5ef738026f5b68c77d1c57b48c825e914ae8caf1be0115506f', 'x-tt-trace-id': '00-2512011305241E891214C7B17B012C56-53BF1E04D0FCBC10-00', 'x-origin-response-time': '23,23.3.12.8', 'x-akamai-request-id': '48642845.334fdd9', 'expires': 'Mon, 01 Dec 2025 13:05:24 GMT', 'cache-control': 'max-age=0, no-cache, no-store', 'pragma': 'no-cache', 'date': 'Mon, 01 Dec 2025 13:05:24 GMT', 'x-cache': 'TCP_MISS from a2-21-69-5.deploy.akamaitechnologies.com (AkamaiGHost/22.3.2.1-992afe98b9405e84f19be223dce3e955) (-)', 'connection': 'keep-alive', 'x-cache-remote': 'TCP_MISS from a23-3-12-8.deploy.akamaitechnologies.com (AkamaiGHost/22.3.2.1-992afe98b9405e84f19be223dce3e955) (-)', 'x-tt-trace-tag': 'id=16;cdn-cache=miss;type=dyn', 'server-timing': 'cdn-cache; desc=MISS, edge; dur=394, origin; dur=23, inner; dur=18', 'x-parent-response-time': '414,2.21.69.5'}
2025-12-01 14:05:24 - INFO - Response Body:
2025-12-01 14:05:24 - INFO - {
  "code": 0,
  "message": "OK",
  "request_id": "202512011305241E891214C7B17B012C56",
  "data": {}
}
2025-12-01 14:05:24 - INFO - ====================================================================================================
2025-12-01 14:05:24 - INFO - 
